
> sony-landing-page@0.1.0 build
> next build

  Γû▓ Next.js 14.2.35

   Creating an optimized production build ...
 Γ£ô Compiled successfully
   Linting and checking validity of types ...
node.exe : 
At line:1 char:1
+ & "C:\Program 
Files\nodejs/node.exe" 
"C:\Users\HP\AppData\Roaming\npm ...
+ ~~~~~~~~~~~~~~~~~~~~~~~~~~~~~~~~~~~
~~~~~~~~~~~~~~~~~~~~~~~~~~~~~~~~~~
    + CategoryInfo          : NotSpe 
   cified: (:String) [], RemoteExce  
  ption
    + FullyQualifiedErrorId : Native 
   CommandError
 
Failed to compile.

./src/app/page.tsx
146:60  Error: Unexpected any. 
Specify a different type.  
@typescript-eslint/no-explicit-any

./src/components/CanvasSequence.tsx
95:8  Warning: React Hook useEffect 
has a missing dependency: 
'drawFrame'. Either include it or 
remove the dependency array.  
react-hooks/exhaustive-deps

info  - Need to disable some ESLint 
rules? Learn more here: https://nextj
s.org/docs/basic-features/eslint#disa
bling-rules
